-------------------------------------------------------------------------------
Test set: za.ac.nwu.ac.logic.flow.impl.ModuloTest
-------------------------------------------------------------------------------
Tests run: 1, Failures: 1, Errors: 0, Skipped: 0, Time elapsed: 0.001 s <<< FAILURE! - in za.ac.nwu.ac.logic.flow.impl.ModuloTest
testMod(za.ac.nwu.ac.logic.flow.impl.ModuloTest)  Time elapsed: 0 s  <<< FAILURE!
java.lang.AssertionError: Should not be null
	at za.ac.nwu.ac.logic.flow.impl.ModuloTest.testMod(ModuloTest.java:19)

